****************************************
Report : Averaged Power
	-verbose
	-significant_digits
	-nosplit
Design : Gemmini/load_controller (Gemmini_LoadController)
Version: V-2023.12-SP5-1
Date   : Mon Apr 20 11:55:36 2026
****************************************

Library(s) Used:

    sky130_fd_sc_hd__tt_025C_1v80 (File: /scratch/krish/better-mflowgen-template-repo/better-mflowgen/mflowgen/builds/gemmini_chipyard_locked_bf16_matmul/3-skywater-130nm/view-standard/stdcells.db)


Operating Conditions: tt_025C_1v80   Library: sky130_fd_sc_hd__tt_025C_1v80
Wire Load Model Mode: top

Cell               Design       Wire_model  Library       Selection_type
--------------------------------------------------------------------------------
                   Gemmini      Small       sky130_fd_sc_hd__tt_025C_1v80 library default

Power-specific unit information :
    Voltage Units = 1 V
    Capacitance Units = 1 pf
    Time Units = 1 ns
    Dynamic Power Units = 1 W
    Leakage Power Units = 1 W



  Attributes
  ----------
      i  -  Including register clock pin internal power
      u  -  User defined power group

                        Internal             Switching            Leakage              Total
Power Group             Power                Power                Power                Power               (     %)   Attrs
----------------------------------------------------------------------------------------------------------------------------
clock_network           4.93259577e-04       2.85340910e-04       1.93732297e-09       7.78602378e-04      (100.00%)  i
register                0.00000000e+00       0.00000000e+00       1.10417631e-08       1.10417631e-08      ( 0.00%)   
combinational           0.00000000e+00       0.00000000e+00       4.30195923e-09       4.30195923e-09      ( 0.00%)   
sequential              0.00000000e+00       0.00000000e+00       0.00000000e+00       0.00000000e+00      ( 0.00%)   
memory                  0.00000000e+00       0.00000000e+00       0.00000000e+00       0.00000000e+00      ( 0.00%)   
io_pad                  0.00000000e+00       0.00000000e+00       0.00000000e+00       0.00000000e+00      ( 0.00%)   
black_box               0.00000000e+00       0.00000000e+00       0.00000000e+00       0.00000000e+00      ( 0.00%)   

  Net Switching Power  = 2.853e-04   (36.65%)
  Cell Internal Power  = 4.933e-04   (63.35%)
  Cell Leakage Power   = 1.728e-08   ( 0.00%)
                         ---------
Total Power            = 7.786e-04  (100.00%)

1
